<?xml version="1.0" encoding="UTF-8"?>
<robot generator="Robot 4.1.2 (Python 3.8.10 on linux)" generated="20211122 11:16:38.366" rpa="false" schemaversion="2">
<suite id="s1" name="Test File" source="../test_file.robot">
<test id="s1-t1" name="Place a Phone Call using Dialer">
<kw name="Open Dialer Application">
<kw name="Open Application" library="AppiumLibrary">
<arg>${APPIUM_SERVER}</arg>
<arg>automationName=${ANDROID_AUTOMATION_NAME}</arg>
<arg>platformName=${ANDROID_PLATFORM_NAME}</arg>
<arg>appPackage=${AppPackage}</arg>
<arg>appActivity=com.android.dialer.main.impl.MainActivity</arg>
<doc>Opens a new application to given Appium server.
Capabilities of appium server, Android and iOS,
Please check https://github.com/appium/appium/blob/master/docs/en/writing-running-appium/server-args.md
| *Option*            | *Man.* | *Description*     |
| remote_url          | Yes    | Appium server url |
| alias               | no     | alias             |</doc>
<status status="PASS" starttime="20211122 11:16:38.534" endtime="20211122 11:17:01.119"/>
</kw>
<status status="PASS" starttime="20211122 11:16:38.533" endtime="20211122 11:17:01.119"/>
</kw>
<kw name="Dial Phone Number">
<arg>555-555-5555</arg>
<kw name="Wait Until Page Contains Element" library="AppiumLibrary">
<arg>id=${AppPackage}:id/fab</arg>
<doc>Waits until element specified with `locator` appears on current page.</doc>
<status status="PASS" starttime="20211122 11:17:01.121" endtime="20211122 11:17:01.998"/>
</kw>
<kw name="Click Element" library="AppiumLibrary">
<arg>id=${AppPackage}:id/fab</arg>
<doc>Click element identified by `locator`.</doc>
<msg timestamp="20211122 11:17:02.002" level="INFO">Clicking element 'id=com.google.android.dialer:id/fab'.</msg>
<status status="PASS" starttime="20211122 11:17:01.998" endtime="20211122 11:17:02.083"/>
</kw>
<kw name="Wait Until Page Contains Element" library="AppiumLibrary">
<arg>id=${AppPackage}:id/digits</arg>
<doc>Waits until element specified with `locator` appears on current page.</doc>
<status status="PASS" starttime="20211122 11:17:02.083" endtime="20211122 11:17:04.125"/>
</kw>
<kw name="Click Element" library="AppiumLibrary">
<arg>id=${AppPackage}:id/digits</arg>
<doc>Click element identified by `locator`.</doc>
<msg timestamp="20211122 11:17:04.129" level="INFO">Clicking element 'id=com.google.android.dialer:id/digits'.</msg>
<status status="PASS" starttime="20211122 11:17:04.125" endtime="20211122 11:17:04.525"/>
</kw>
<kw name="Input Text" library="AppiumLibrary">
<arg>id=${AppPackage}:id/digits</arg>
<arg>${number}</arg>
<doc>Types the given `text` into text field identified by `locator`.</doc>
<msg timestamp="20211122 11:17:04.528" level="INFO">Typing text '555-555-5555' into text field 'id=com.google.android.dialer:id/digits'</msg>
<status status="PASS" starttime="20211122 11:17:04.525" endtime="20211122 11:17:05.068"/>
</kw>
<kw name="Click Element" library="AppiumLibrary">
<arg>id=${AppPackage}:id/dialpad_floating_action_button</arg>
<doc>Click element identified by `locator`.</doc>
<msg timestamp="20211122 11:17:05.072" level="INFO">Clicking element 'id=com.google.android.dialer:id/dialpad_floating_action_button'.</msg>
<status status="PASS" starttime="20211122 11:17:05.068" endtime="20211122 11:17:06.171"/>
</kw>
<kw name="Wait Until Page Contains Element" library="AppiumLibrary">
<arg>id=${AppPackage}:id/incall_end_call</arg>
<doc>Waits until element specified with `locator` appears on current page.</doc>
<status status="PASS" starttime="20211122 11:17:06.171" endtime="20211122 11:17:11.515"/>
</kw>
<kw name="Sleep" library="BuiltIn">
<arg>10s</arg>
<doc>Pauses the test executed for the given time.</doc>
<msg timestamp="20211122 11:17:21.516" level="INFO">Slept 10 seconds</msg>
<status status="PASS" starttime="20211122 11:17:11.515" endtime="20211122 11:17:21.516"/>
</kw>
<kw name="Capture Page Screenshot" library="AppiumLibrary">
<doc>Takes a screenshot of the current page and embeds it into the log.</doc>
<msg timestamp="20211122 11:17:27.182" level="INFO" html="true">&lt;/td&gt;&lt;/tr&gt;&lt;tr&gt;&lt;td colspan="3"&gt;&lt;a href="appium-screenshot-1.png"&gt;&lt;img src="appium-screenshot-1.png" width="800px"&gt;&lt;/a&gt;</msg>
<status status="PASS" starttime="20211122 11:17:21.516" endtime="20211122 11:17:27.182"/>
</kw>
<kw name="Click Element" library="AppiumLibrary">
<arg>id=${AppPackage}:id/incall_end_call</arg>
<doc>Click element identified by `locator`.</doc>
<msg timestamp="20211122 11:17:27.186" level="INFO">Clicking element 'id=com.google.android.dialer:id/incall_end_call'.</msg>
<status status="PASS" starttime="20211122 11:17:27.182" endtime="20211122 11:17:27.266"/>
</kw>
<kw name="Wait Until Page Contains Element" library="AppiumLibrary">
<arg>id=${AppPackage}:id/fab</arg>
<doc>Waits until element specified with `locator` appears on current page.</doc>
<status status="PASS" starttime="20211122 11:17:27.266" endtime="20211122 11:17:30.525"/>
</kw>
<status status="PASS" starttime="20211122 11:17:01.120" endtime="20211122 11:17:30.525"/>
</kw>
<kw name="Close Application" library="AppiumLibrary" type="TEARDOWN">
<doc>Closes the current application and also close webdriver session.</doc>
<status status="PASS" starttime="20211122 11:17:30.526" endtime="20211122 11:17:32.199"/>
</kw>
<tag>Dialer</tag>
<status status="PASS" starttime="20211122 11:16:38.532" endtime="20211122 11:17:32.199"/>
</test>
<doc>Simple example using AppiumLibrary</doc>
<status status="PASS" starttime="20211122 11:16:38.367" endtime="20211122 11:17:32.201"/>
</suite>
<statistics>
<total>
<stat pass="1" fail="0" skip="0">All Tests</stat>
</total>
<tag>
<stat pass="1" fail="0" skip="0">Dialer</stat>
</tag>
<suite>
<stat pass="1" fail="0" skip="0" id="s1" name="Test File">Test File</stat>
</suite>
</statistics>
<errors>
</errors>
</robot>
